Using pre-set license
Built from '2021.1/staging' branch; Version is '2021.1.13f1 (a03098edbbe0) revision 10498200'; Using compiler version '192528614'; Build Type 'Release'
OS: 'Windows 10 Home; OS build 19041.1415; Version 2004; 64bit' Language: 'en' Physical Memory: 16246 MB
BatchMode: 1, IsHumanControllingUs: 0, StartBugReporterOnCrash: 0, Is64bit: 1, IsPro: 0

 COMMAND LINE ARGUMENTS:
C:\Program Files\Unity\Hub\Editor\2021.1.13f1\Editor\Unity.exe
-adb2
-batchMode
-noUpm
-name
AssetImportWorker0
-projectPath
C:/Users/Vivian G贸mez/Desktop/VIVIAN GOMEZ/P75926URP
-logFile
Logs/AssetImportWorker0.log
-srvPort
49553
Successfully changed project path to: C:/Users/Vivian G贸mez/Desktop/VIVIAN GOMEZ/P75926URP
C:/Users/Vivian G贸mez/Desktop/VIVIAN GOMEZ/P75926URP
Using Asset Import Pipeline V2.
Refreshing native plugins compatible for Editor in 70.29 ms, found 7 plugins.
Preloading 1 native plugins for Editor in 2.19 ms.
Initialize engine version: 2021.1.13f1 (a03098edbbe0)
[Subsystems] Discovering subsystems at path C:/Program Files/Unity/Hub/Editor/2021.1.13f1/Editor/Data/Resources/UnitySubsystems
[Subsystems] Discovering subsystems at path C:/Users/Vivian G贸mez/Desktop/VIVIAN GOMEZ/P75926URP/Assets
GfxDevice: creating device client; threaded=0; jobified=0
Direct3D:
    Version:  Direct3D 11.0 [level 11.1]
    Renderer: NVIDIA GeForce GTX 1660 SUPER (ID=0x21c4)
    Vendor:   NVIDIA
    VRAM:     5991 MB
    Driver:   30.0.14.7208
Shader 'Oculus/OVRMRCameraFrameLit': fallback shader 'Alpha-Diffuse' not found
Initialize mono
Mono path[0] = 'C:/Program Files/Unity/Hub/Editor/2021.1.13f1/Editor/Data/Managed'
Mono path[1] = 'C:/Program Files/Unity/Hub/Editor/2021.1.13f1/Editor/Data/MonoBleedingEdge/lib/mono/unityjit'
Mono config path = 'C:/Program Files/Unity/Hub/Editor/2021.1.13f1/Editor/Data/MonoBleedingEdge/etc'
Using monoOptions --debugger-agent=transport=dt_socket,embedding=1,server=y,suspend=n,address=127.0.0.1:56552
Begin MonoManager ReloadAssembly
Registering precompiled unity dll's ...
Register platform support module: C:/Program Files/Unity/Hub/Editor/2021.1.13f1/Editor/Data/PlaybackEngines/WindowsStandaloneSupport/UnityEditor.WindowsStandalone.Extensions.dll
Registered in 0.003299 seconds.
Native extension for WindowsStandalone target not found
Refreshing native plugins compatible for Editor in 59.99 ms, found 7 plugins.
Preloading 1 native plugins for Editor in 0.09 ms.
Mono: successfully reloaded assembly
- Completed reload, in  3.718 seconds
Domain Reload Profiling:
	ReloadAssembly (3718ms)
		BeginReloadAssembly (44ms)
			ExecutionOrderSort (0ms)
			DisableScriptedObjects (0ms)
			BackupInstance (0ms)
			ReleaseScriptingObjects (0ms)
			CreateAndSetChildDomain (1ms)
		EndReloadAssembly (369ms)
			LoadAssemblies (42ms)
			RebuildTransferFunctionScriptingTraits (0ms)
			SetupTypeCache (144ms)
			ReleaseScriptCaches (0ms)
			RebuildScriptCaches (22ms)
			SetupLoadedEditorAssemblies (164ms)
				LogAssemblyErrors (0ms)
				InitializePlatformSupportModulesInManaged (5ms)
				SetLoadedEditorAssemblies (0ms)
				RefreshPlugins (60ms)
				BeforeProcessingInitializeOnLoad (1ms)
				ProcessInitializeOnLoadAttributes (75ms)
				ProcessInitializeOnLoadMethodAttributes (23ms)
				AfterProcessingInitializeOnLoad (0ms)
				EditorAssembliesLoaded (0ms)
			ExecutionOrderSort2 (0ms)
			AwakeInstancesAfterBackupRestoration (0ms)
Platform modules already initialized, skipping
Registering precompiled user dll's ...
Registered in 0.013548 seconds.
Begin MonoManager ReloadAssembly
Native extension for WindowsStandalone target not found
Refreshing native plugins compatible for Editor in 0.79 ms, found 7 plugins.
Preloading 1 native plugins for Editor in 0.07 ms.
[XR] OculusXRPlugin: registering subsystems
[XR] Unable to register display lifecyle provider: [1]
[XR] Oculus Input lifecycle provider registered.
[XR] Unable to register input lifecyle provider: [1]
[XR] OVRP version 1.55.1
Mono: successfully reloaded assembly
- Completed reload, in  0.957 seconds
Domain Reload Profiling:
	ReloadAssembly (958ms)
		BeginReloadAssembly (119ms)
			ExecutionOrderSort (0ms)
			DisableScriptedObjects (4ms)
			BackupInstance (0ms)
			ReleaseScriptingObjects (0ms)
			CreateAndSetChildDomain (15ms)
		EndReloadAssembly (786ms)
			LoadAssemblies (96ms)
			RebuildTransferFunctionScriptingTraits (0ms)
			SetupTypeCache (245ms)
			ReleaseScriptCaches (0ms)
			RebuildScriptCaches (41ms)
			SetupLoadedEditorAssemblies (302ms)
				LogAssemblyErrors (0ms)
				InitializePlatformSupportModulesInManaged (5ms)
				SetLoadedEditorAssemblies (1ms)
				RefreshPlugins (1ms)
				BeforeProcessingInitializeOnLoad (60ms)
				ProcessInitializeOnLoadAttributes (209ms)
				ProcessInitializeOnLoadMethodAttributes (16ms)
				AfterProcessingInitializeOnLoad (10ms)
				EditorAssembliesLoaded (0ms)
			ExecutionOrderSort2 (0ms)
			AwakeInstancesAfterBackupRestoration (6ms)
Platform modules already initialized, skipping
========================================================================
Worker process is ready to serve import requests
Shader 'Oculus/OVRMRCameraFrameLit': fallback shader 'Alpha-Diffuse' not found
Launched and connected shader compiler UnityShaderCompiler.exe after 0.04 seconds
Refreshing native plugins compatible for Editor in 0.97 ms, found 7 plugins.
Preloading 1 native plugins for Editor in 1.01 ms.
Unloading 2246 Unused Serialized files (Serialized files now loaded: 0)
System memory in use before: 125.0 MB.
System memory in use after: 125.1 MB.

Unloading 43 unused Assets to reduce memory usage. Loaded Objects now: 2678.
Total: 3.581300 ms (FindLiveObjects: 0.304300 ms CreateObjectMapping: 0.232300 ms MarkObjects: 2.952300 ms  DeleteObjects: 0.091100 ms)

AssetImportParameters requested are different than current active one (requested -> active):
  custom:framework-win-MediaFoundation: 216162199b28c13a410421893ffa2e32 -> 
  custom:video-decoder-ogg-theora: a1e56fd34408186e4bbccfd4996cb3dc -> 
  custom:container-muxer-webm: aa71ff27fc2769a1b78a27578f13a17b -> 
  custom:container-demuxer-webm: 4f35f7cbe854078d1ac9338744f61a02 -> 
  custom:container-demuxer-ogg: 62fdf1f143b41e24485cea50d1cbac27 -> 
  custom:video-encoder-webm-vp8: eb34c28f22e8b96e1ab97ce403110664 -> 
  custom:video-decoder-webm-vp8: 9c59270c3fd7afecdb556c50c9e8de78 -> 
  custom:audio-decoder-ogg-vorbis: bf7c407c2cedff20999df2af8eb42d56 -> 
  custom:audio-encoder-webm-vorbis: bf7c407c2cedff20999df2af8eb42d56 -> 
========================================================================
Received Import Request.
  path: Assets/Scenes/VR_HT
  artifactKey: Guid(c19bc8f76d616ea42b91c4785cd55a2e) Importer(815301076,1909f56bfc062723c751e8b465ee728b)
Start importing Assets/Scenes/VR_HT using Guid(c19bc8f76d616ea42b91c4785cd55a2e) Importer(815301076,1909f56bfc062723c751e8b465ee728b)  -> (artifact id: '81e1f6ddf9775255bf2c903dc232c6bf') in 0.009185 seconds 
========================================================================
Received Import Request.
  Time since last request: 0.000205 seconds.
  path: Assets/Scenes/VR_HT/CuartoIngenieriaHT.unity
  artifactKey: Guid(7394ab00651f6084a87334b5ed1ca7fb) Importer(815301076,1909f56bfc062723c751e8b465ee728b)
Start importing Assets/Scenes/VR_HT/CuartoIngenieriaHT.unity using Guid(7394ab00651f6084a87334b5ed1ca7fb) Importer(815301076,1909f56bfc062723c751e8b465ee728b)  -> (artifact id: 'c909f35d60b6a572ab328ae80a795c3c') in 0.012577 seconds 
========================================================================
Received Import Request.
  Time since last request: 385.805147 seconds.
  path: Assets/Characters/Suboficial1/texturas/Ch41_1001_Diffuse.png
  artifactKey: Guid(6c54249548c6b4540b754a4e429b0ad0) Importer(815301076,1909f56bfc062723c751e8b465ee728b)
Start importing Assets/Characters/Suboficial1/texturas/Ch41_1001_Diffuse.png using Guid(6c54249548c6b4540b754a4e429b0ad0) Importer(815301076,1909f56bfc062723c751e8b465ee728b)  -> (artifact id: '9d17aada7ffa15a4a5ac87cba1782fa7') in 0.056368 seconds 
========================================================================
Received Import Request.
  Time since last request: 0.000143 seconds.
  path: Assets/Characters/Suboficial1/texturas/Ch41_1002_Normal.png
  artifactKey: Guid(16f2bdf45cdbfc948bfd7129d809d09d) Importer(815301076,1909f56bfc062723c751e8b465ee728b)
Start importing Assets/Characters/Suboficial1/texturas/Ch41_1002_Normal.png using Guid(16f2bdf45cdbfc948bfd7129d809d09d) Importer(815301076,1909f56bfc062723c751e8b465ee728b)  -> (artifact id: 'df326f54220a3e20778b5c4eb92b525a') in 0.043275 seconds 
========================================================================
Received Import Request.
  Time since last request: 0.000115 seconds.
  path: Assets/Characters/Suboficial1/texturas/Ch41_1001_Glossiness.png
  artifactKey: Guid(3a87e774faffbc844ab0ce2d260cb012) Importer(815301076,1909f56bfc062723c751e8b465ee728b)
Start importing Assets/Characters/Suboficial1/texturas/Ch41_1001_Glossiness.png using Guid(3a87e774faffbc844ab0ce2d260cb012) Importer(815301076,1909f56bfc062723c751e8b465ee728b)  -> (artifact id: 'cd4671d2e13c3b2877956eccc01f936c') in 0.014305 seconds 
========================================================================
Received Import Request.
  Time since last request: 0.000142 seconds.
  path: Assets/Characters/Suboficial1/texturas/Ch41_1001_Normal.png
  artifactKey: Guid(72d57bc447ad2b643a79c4dac5de3e4e) Importer(815301076,1909f56bfc062723c751e8b465ee728b)
Start importing Assets/Characters/Suboficial1/texturas/Ch41_1001_Normal.png using Guid(72d57bc447ad2b643a79c4dac5de3e4e) Importer(815301076,1909f56bfc062723c751e8b465ee728b)  -> (artifact id: 'b34edc6c23f41f58981d45f43f59214e') in 0.014174 seconds 
========================================================================
Received Import Request.
  Time since last request: 0.000131 seconds.
  path: Assets/Characters/Suboficial1/texturas/Ch41_body.mat
  artifactKey: Guid(a39134fb70c8c904394b366f8c66514d) Importer(815301076,1909f56bfc062723c751e8b465ee728b)
Start importing Assets/Characters/Suboficial1/texturas/Ch41_body.mat using Guid(a39134fb70c8c904394b366f8c66514d) Importer(815301076,1909f56bfc062723c751e8b465ee728b)  -> (artifact id: '0d9a97932e4bd343bbd42078a8c418d6') in 0.058405 seconds 
========================================================================
Received Import Request.
  Time since last request: 0.000110 seconds.
  path: Assets/Characters/Suboficial1/texturas/Ch41_1001_Specular.png
  artifactKey: Guid(d89f9493686fd6644906c784084831e4) Importer(815301076,1909f56bfc062723c751e8b465ee728b)
Start importing Assets/Characters/Suboficial1/texturas/Ch41_1001_Specular.png using Guid(d89f9493686fd6644906c784084831e4) Importer(815301076,1909f56bfc062723c751e8b465ee728b)  -> (artifact id: 'f74a25cc988409fa7999cc9147f5f42c') in 0.013578 seconds 
========================================================================
Received Import Request.
  Time since last request: 0.000112 seconds.
  path: Assets/Characters/Suboficial1/texturas/Ch41_1002_Diffuse.png
  artifactKey: Guid(05be260c6f056a0458e942fda75bdce1) Importer(815301076,1909f56bfc062723c751e8b465ee728b)
Start importing Assets/Characters/Suboficial1/texturas/Ch41_1002_Diffuse.png using Guid(05be260c6f056a0458e942fda75bdce1) Importer(815301076,1909f56bfc062723c751e8b465ee728b)  -> (artifact id: 'c0ad1b23034cb060d7e8e28aa5a6ccd1') in 0.017653 seconds 
========================================================================
Received Import Request.
  Time since last request: 21.930518 seconds.
  path: Assets/Characters/Suboficial1/texturas/Suboficial1BaseColor.png
  artifactKey: Guid(b1e44e1681e77ba4b97dfe4be73050c9) Importer(815301076,1909f56bfc062723c751e8b465ee728b)
Start importing Assets/Characters/Suboficial1/texturas/Suboficial1BaseColor.png using Guid(b1e44e1681e77ba4b97dfe4be73050c9) Importer(815301076,1909f56bfc062723c751e8b465ee728b)  -> (artifact id: '71f637dc9304aafc53f4410cff35cf55') in 0.014383 seconds 
========================================================================
Received Import Request.
  Time since last request: 0.000100 seconds.
  path: Assets/Characters/Suboficial1/texturas/Suboficial1Normal.png
  artifactKey: Guid(573529de29d0ffc4d9f2748ce3bfd2ef) Importer(815301076,1909f56bfc062723c751e8b465ee728b)
Start importing Assets/Characters/Suboficial1/texturas/Suboficial1Normal.png using Guid(573529de29d0ffc4d9f2748ce3bfd2ef) Importer(815301076,1909f56bfc062723c751e8b465ee728b)  -> (artifact id: '142aa7e9de17c4d382d47fe9557c1616') in 0.011917 seconds 
========================================================================
Received Import Request.
  Time since last request: 250.644945 seconds.
  path: Assets/Characters/Suboficial1/Models/Botascis.fbx
  artifactKey: Guid(d287427f1ef19ff4ab1d729207725158) Importer(815301076,1909f56bfc062723c751e8b465ee728b)
Start importing Assets/Characters/Suboficial1/Models/Botascis.fbx using Guid(d287427f1ef19ff4ab1d729207725158) Importer(815301076,1909f56bfc062723c751e8b465ee728b)  -> (artifact id: '1eca93a20bfe672b8db37a119e202945') in 0.136179 seconds 
========================================================================
Received Import Request.
  Time since last request: 0.000125 seconds.
  path: Assets/Characters/Suboficial1/Models/Idle.fbx
  artifactKey: Guid(b0c0a41f7e408cf40bcd627256502c26) Importer(815301076,1909f56bfc062723c751e8b465ee728b)
Start importing Assets/Characters/Suboficial1/Models/Idle.fbx using Guid(b0c0a41f7e408cf40bcd627256502c26) Importer(815301076,1909f56bfc062723c751e8b465ee728b)  -> (artifact id: '1dd2e1b45e394c230db6555b50491f4b') in 0.051109 seconds 
========================================================================
Received Import Request.
  Time since last request: 0.000133 seconds.
  path: Assets/Characters/Suboficial1/Models/Botascs.fbx
  artifactKey: Guid(5e20a0c8dab562341a69aa11e9dc6083) Importer(815301076,1909f56bfc062723c751e8b465ee728b)
Start importing Assets/Characters/Suboficial1/Models/Botascs.fbx using Guid(5e20a0c8dab562341a69aa11e9dc6083) Importer(815301076,1909f56bfc062723c751e8b465ee728b)  -> (artifact id: '6944fa437db0dae2c3e98212f875c72a') in 0.023713 seconds 
========================================================================
Received Prepare
Registering precompiled user dll's ...
Registered in 0.011444 seconds.
Begin MonoManager ReloadAssembly
Native extension for WindowsStandalone target not found
Refreshing native plugins compatible for Editor in 0.83 ms, found 7 plugins.
Preloading 1 native plugins for Editor in 0.09 ms.
Mono: successfully reloaded assembly
- Completed reload, in  0.840 seconds
Domain Reload Profiling:
	ReloadAssembly (840ms)
		BeginReloadAssembly (94ms)
			ExecutionOrderSort (0ms)
			DisableScriptedObjects (3ms)
			BackupInstance (0ms)
			ReleaseScriptingObjects (0ms)
			CreateAndSetChildDomain (28ms)
		EndReloadAssembly (694ms)
			LoadAssemblies (70ms)
			RebuildTransferFunctionScriptingTraits (0ms)
			SetupTypeCache (250ms)
			ReleaseScriptCaches (1ms)
			RebuildScriptCaches (33ms)
			SetupLoadedEditorAssemblies (247ms)
				LogAssemblyErrors (0ms)
				InitializePlatformSupportModulesInManaged (4ms)
				SetLoadedEditorAssemblies (0ms)
				RefreshPlugins (1ms)
				BeforeProcessingInitializeOnLoad (40ms)
				ProcessInitializeOnLoadAttributes (188ms)
				ProcessInitializeOnLoadMethodAttributes (7ms)
				AfterProcessingInitializeOnLoad (7ms)
				EditorAssembliesLoaded (0ms)
			ExecutionOrderSort2 (0ms)
			AwakeInstancesAfterBackupRestoration (11ms)
Platform modules already initialized, skipping
Shader 'Oculus/OVRMRCameraFrameLit': fallback shader 'Alpha-Diffuse' not found
Refreshing native plugins compatible for Editor in 0.92 ms, found 7 plugins.
Preloading 1 native plugins for Editor in 0.08 ms.
Unloading 2143 Unused Serialized files (Serialized files now loaded: 0)
System memory in use before: 134.4 MB.
System memory in use after: 134.6 MB.

Unloading 38 unused Assets to reduce memory usage. Loaded Objects now: 2843.
Total: 1.830500 ms (FindLiveObjects: 0.175300 ms CreateObjectMapping: 0.090100 ms MarkObjects: 1.547800 ms  DeleteObjects: 0.016500 ms)

AssetImportParameters requested are different than current active one (requested -> active):
  custom:framework-win-MediaFoundation: 216162199b28c13a410421893ffa2e32 -> 
  custom:video-decoder-ogg-theora: a1e56fd34408186e4bbccfd4996cb3dc -> 
  custom:container-muxer-webm: aa71ff27fc2769a1b78a27578f13a17b -> 
  custom:container-demuxer-webm: 4f35f7cbe854078d1ac9338744f61a02 -> 
  custom:container-demuxer-ogg: 62fdf1f143b41e24485cea50d1cbac27 -> 
  custom:video-encoder-webm-vp8: eb34c28f22e8b96e1ab97ce403110664 -> 
  custom:video-decoder-webm-vp8: 9c59270c3fd7afecdb556c50c9e8de78 -> 
  custom:audio-decoder-ogg-vorbis: bf7c407c2cedff20999df2af8eb42d56 -> 
  custom:audio-encoder-webm-vorbis: bf7c407c2cedff20999df2af8eb42d56 -> 
========================================================================
Received Import Request.
  Time since last request: 334.069052 seconds.
  path: Assets/Characters/Suboficial1/Suboficial1.prefab
  artifactKey: Guid(91ece7ec5e69a2c4e936d7bea677939f) Importer(815301076,1909f56bfc062723c751e8b465ee728b)
Start importing Assets/Characters/Suboficial1/Suboficial1.prefab using Guid(91ece7ec5e69a2c4e936d7bea677939f) Importer(815301076,1909f56bfc062723c751e8b465ee728b)  -> (artifact id: '3b966887f13d281c65f3ca08a34be885') in 0.325783 seconds 
========================================================================
Received Import Request.
  Time since last request: 1.931774 seconds.
  path: Assets/Characters/Suboficial1/Materials
  artifactKey: Guid(f099a577d3eac5e4b8eb0479c3618185) Importer(815301076,1909f56bfc062723c751e8b465ee728b)
Start importing Assets/Characters/Suboficial1/Materials using Guid(f099a577d3eac5e4b8eb0479c3618185) Importer(815301076,1909f56bfc062723c751e8b465ee728b)  -> (artifact id: 'f102b70975b84b837e1d4113fc0ed9dc') in 0.004747 seconds 
========================================================================
Received Import Request.
  Time since last request: 0.101064 seconds.
  path: Assets/Characters/Suboficial1/Materials/Ch41_1002_Diffuse.mat
  artifactKey: Guid(e4fa69e5c78dec148a989a1b4b2ea0a0) Importer(815301076,1909f56bfc062723c751e8b465ee728b)
Start importing Assets/Characters/Suboficial1/Materials/Ch41_1002_Diffuse.mat using Guid(e4fa69e5c78dec148a989a1b4b2ea0a0) Importer(815301076,1909f56bfc062723c751e8b465ee728b)  -> (artifact id: 'c85159a9bbd58976ec555cc07fe1ebb6') in 0.161991 seconds 
========================================================================
Received Import Request.
  Time since last request: 92.297206 seconds.
  path: Assets/Characters/Suboficial1/Materials/Camisa.mat
  artifactKey: Guid(bfb329c9db498f84dbc6ad18c3141032) Importer(815301076,1909f56bfc062723c751e8b465ee728b)
Start importing Assets/Characters/Suboficial1/Materials/Camisa.mat using Guid(bfb329c9db498f84dbc6ad18c3141032) Importer(815301076,1909f56bfc062723c751e8b465ee728b)  -> (artifact id: 'd4f6afddd97f052adcdfafded46952f5') in 0.012423 seconds 
========================================================================
Received Import Request.
  Time since last request: 0.000105 seconds.
  path: Assets/Characters/Suboficial1/Materials/Ch41_1001_Diffuse.mat
  artifactKey: Guid(95b3a4a5051045e46a40697983102354) Importer(815301076,1909f56bfc062723c751e8b465ee728b)
Start importing Assets/Characters/Suboficial1/Materials/Ch41_1001_Diffuse.mat using Guid(95b3a4a5051045e46a40697983102354) Importer(815301076,1909f56bfc062723c751e8b465ee728b)  -> (artifact id: '9ab3342fe8b40db0e39c209736684b3a') in 0.010311 seconds 
========================================================================
Received Import Request.
  Time since last request: 0.000124 seconds.
  path: Assets/Characters/Suboficial1/Materials/Oscuro.mat
  artifactKey: Guid(ef81f26c957b33d4bbe403987751029d) Importer(815301076,1909f56bfc062723c751e8b465ee728b)
Start importing Assets/Characters/Suboficial1/Materials/Oscuro.mat using Guid(ef81f26c957b33d4bbe403987751029d) Importer(815301076,1909f56bfc062723c751e8b465ee728b)  -> (artifact id: '02fdf8b030b6042cb43eb3e96cbb4800') in 0.010036 seconds 
========================================================================
Received Import Request.
  Time since last request: 179.144898 seconds.
  path: Assets/Characters/Suboficial2/Suboficial2.prefab
  artifactKey: Guid(dc293ceab3b25444b938d26f5a86c745) Importer(815301076,1909f56bfc062723c751e8b465ee728b)
Start importing Assets/Characters/Suboficial2/Suboficial2.prefab using Guid(dc293ceab3b25444b938d26f5a86c745) Importer(815301076,1909f56bfc062723c751e8b465ee728b)  -> (artifact id: 'b41cb15fd485f3d3e4f56b600529160c') in 0.174335 seconds 
========================================================================
Received Import Request.
  Time since last request: 0.731756 seconds.
  path: Assets/Characters/Suboficial2/Texturas
  artifactKey: Guid(501e2b9cb4979514ca8f18c53338ee5f) Importer(815301076,1909f56bfc062723c751e8b465ee728b)
Start importing Assets/Characters/Suboficial2/Texturas using Guid(501e2b9cb4979514ca8f18c53338ee5f) Importer(815301076,1909f56bfc062723c751e8b465ee728b)  -> (artifact id: '06d77f17001f9a991e6dfbbcd4c4c552') in 0.005862 seconds 
========================================================================
Received Import Request.
  Time since last request: 0.078360 seconds.
  path: Assets/Characters/Suboficial2/Texturas/Suboficial2BotasBaseColor.png
  artifactKey: Guid(32f633242441ee5428e812211a7bfb8e) Importer(815301076,1909f56bfc062723c751e8b465ee728b)
Start importing Assets/Characters/Suboficial2/Texturas/Suboficial2BotasBaseColor.png using Guid(32f633242441ee5428e812211a7bfb8e) Importer(815301076,1909f56bfc062723c751e8b465ee728b)  -> (artifact id: '063251cf4a51629de072fab2d7ec039a') in 0.015362 seconds 
========================================================================
Received Import Request.
  Time since last request: 0.000106 seconds.
  path: Assets/Characters/Suboficial2/Texturas/Suboficial2TorsoNormal.png
  artifactKey: Guid(b992c6b0d9c74164eb701e6ede1f4961) Importer(815301076,1909f56bfc062723c751e8b465ee728b)
Start importing Assets/Characters/Suboficial2/Texturas/Suboficial2TorsoNormal.png using Guid(b992c6b0d9c74164eb701e6ede1f4961) Importer(815301076,1909f56bfc062723c751e8b465ee728b)  -> (artifact id: '382c183249ea035fbfd5aef9b72cf756') in 0.012627 seconds 
========================================================================
Received Import Request.
  Time since last request: 0.000115 seconds.
  path: Assets/Characters/Suboficial2/Texturas/Suboficial2PantalonNormal.png
  artifactKey: Guid(7dfb6f6088b42fc458df08532189d3fc) Importer(815301076,1909f56bfc062723c751e8b465ee728b)
Start importing Assets/Characters/Suboficial2/Texturas/Suboficial2PantalonNormal.png using Guid(7dfb6f6088b42fc458df08532189d3fc) Importer(815301076,1909f56bfc062723c751e8b465ee728b)  -> (artifact id: '2e2f1883aa6cf0aa71d91670c2b3a108') in 0.011000 seconds 
========================================================================
Received Import Request.
  Time since last request: 0.000111 seconds.
  path: Assets/Characters/Suboficial2/Texturas/Suboficial2TorsoBaseColor.png
  artifactKey: Guid(2a984cec24610b949bd0d43e8d10e263) Importer(815301076,1909f56bfc062723c751e8b465ee728b)
Start importing Assets/Characters/Suboficial2/Texturas/Suboficial2TorsoBaseColor.png using Guid(2a984cec24610b949bd0d43e8d10e263) Importer(815301076,1909f56bfc062723c751e8b465ee728b)  -> (artifact id: 'c937d2532bccac2348883762e5878334') in 0.011151 seconds 
========================================================================
Received Import Request.
  Time since last request: 0.000176 seconds.
  path: Assets/Characters/Suboficial2/Texturas/Suboficial2PielNormal.png
  artifactKey: Guid(f17a72965d0a4bf4b8294bdd8faef603) Importer(815301076,1909f56bfc062723c751e8b465ee728b)
Start importing Assets/Characters/Suboficial2/Texturas/Suboficial2PielNormal.png using Guid(f17a72965d0a4bf4b8294bdd8faef603) Importer(815301076,1909f56bfc062723c751e8b465ee728b)  -> (artifact id: 'ba860bab6f62acdd054691fe72c28d6f') in 0.010653 seconds 
========================================================================
Received Import Request.
  Time since last request: 0.000113 seconds.
  path: Assets/Characters/Suboficial2/Texturas/Suboficial2PielBaseColor.png
  artifactKey: Guid(8585d15cbb5904c45ae73c6d057a6ee2) Importer(815301076,1909f56bfc062723c751e8b465ee728b)
Start importing Assets/Characters/Suboficial2/Texturas/Suboficial2PielBaseColor.png using Guid(8585d15cbb5904c45ae73c6d057a6ee2) Importer(815301076,1909f56bfc062723c751e8b465ee728b)  -> (artifact id: 'e6d9f2c93717b0a83660b35fc1b4587c') in 0.010219 seconds 
========================================================================
Received Import Request.
  Time since last request: 0.000115 seconds.
  path: Assets/Characters/Suboficial2/Texturas/Suboficial2TorsoRoughness.png
  artifactKey: Guid(696a85bb0c3c4bf4d94a0d65656f6703) Importer(815301076,1909f56bfc062723c751e8b465ee728b)
Start importing Assets/Characters/Suboficial2/Texturas/Suboficial2TorsoRoughness.png using Guid(696a85bb0c3c4bf4d94a0d65656f6703) Importer(815301076,1909f56bfc062723c751e8b465ee728b)  -> (artifact id: 'a72e685837c092a5604906a1623566da') in 0.010892 seconds 
========================================================================
Received Import Request.
  Time since last request: 0.000106 seconds.
  path: Assets/Characters/Suboficial2/Texturas/Suboficial2BotasNormal.png
  artifactKey: Guid(7e310a21b401126499ad30cd5e11f085) Importer(815301076,1909f56bfc062723c751e8b465ee728b)
Start importing Assets/Characters/Suboficial2/Texturas/Suboficial2BotasNormal.png using Guid(7e310a21b401126499ad30cd5e11f085) Importer(815301076,1909f56bfc062723c751e8b465ee728b)  -> (artifact id: 'eae762c50c2b157134181631bc17d2c5') in 0.010848 seconds 
========================================================================
Received Import Request.
  Time since last request: 0.000154 seconds.
  path: Assets/Characters/Suboficial2/Texturas/Suboficial2BotasRoughness.png
  artifactKey: Guid(7db58c97e21ce244cb3b7bbd50f2e0d3) Importer(815301076,1909f56bfc062723c751e8b465ee728b)
Start importing Assets/Characters/Suboficial2/Texturas/Suboficial2BotasRoughness.png using Guid(7db58c97e21ce244cb3b7bbd50f2e0d3) Importer(815301076,1909f56bfc062723c751e8b465ee728b)  -> (artifact id: '58cd10feadbdfccea410b32243d642b9') in 0.011497 seconds 
========================================================================
Received Import Request.
  Time since last request: 0.000113 seconds.
  path: Assets/Characters/Suboficial2/Texturas/Suboficial2PantalonRoughness.png
  artifactKey: Guid(c8e6ab15673c77a498fae73d55014ca6) Importer(815301076,1909f56bfc062723c751e8b465ee728b)
Start importing Assets/Characters/Suboficial2/Texturas/Suboficial2PantalonRoughness.png using Guid(c8e6ab15673c77a498fae73d55014ca6) Importer(815301076,1909f56bfc062723c751e8b465ee728b)  -> (artifact id: '75c3dd608a9d4d52087eba4feb03fd7c') in 0.011134 seconds 
========================================================================
Received Import Request.
  Time since last request: 0.000119 seconds.
  path: Assets/Characters/Suboficial2/Texturas/Suboficial2PielGloss.png
  artifactKey: Guid(272b50bc06eb9a94fb75bb3a791f3c98) Importer(815301076,1909f56bfc062723c751e8b465ee728b)
Start importing Assets/Characters/Suboficial2/Texturas/Suboficial2PielGloss.png using Guid(272b50bc06eb9a94fb75bb3a791f3c98) Importer(815301076,1909f56bfc062723c751e8b465ee728b)  -> (artifact id: '8c162b4073bc0b5900ec05a2467e7981') in 0.010608 seconds 
========================================================================
Received Import Request.
  Time since last request: 0.000112 seconds.
  path: Assets/Characters/Suboficial2/Texturas/Suboficial2PantalonBaseColor.png
  artifactKey: Guid(080509eb21f483b4f8daac37795e1054) Importer(815301076,1909f56bfc062723c751e8b465ee728b)
Start importing Assets/Characters/Suboficial2/Texturas/Suboficial2PantalonBaseColor.png using Guid(080509eb21f483b4f8daac37795e1054) Importer(815301076,1909f56bfc062723c751e8b465ee728b)  -> (artifact id: 'bcd5dff134a5832de61bbc4f0351d87d') in 0.010294 seconds 
========================================================================
Received Import Request.
  Time since last request: 84.027188 seconds.
  path: Assets/Characters/Suboficial2/Materials
  artifactKey: Guid(5678a1c869e16fc41ae615d6bb58c9d9) Importer(815301076,1909f56bfc062723c751e8b465ee728b)
Start importing Assets/Characters/Suboficial2/Materials using Guid(5678a1c869e16fc41ae615d6bb58c9d9) Importer(815301076,1909f56bfc062723c751e8b465ee728b)  -> (artifact id: '83b154e2ca9404c5fb019b1901d987da') in 0.008885 seconds 
========================================================================
Received Import Request.
  Time since last request: 0.092997 seconds.
  path: Assets/Characters/Suboficial2/Materials/Liam_Bottom_Diffuse.mat
  artifactKey: Guid(092a9bba11dba6e4bbf51b3e12c729f9) Importer(815301076,1909f56bfc062723c751e8b465ee728b)
Start importing Assets/Characters/Suboficial2/Materials/Liam_Bottom_Diffuse.mat using Guid(092a9bba11dba6e4bbf51b3e12c729f9) Importer(815301076,1909f56bfc062723c751e8b465ee728b)  -> (artifact id: 'ba88eab12324ee6754584d3950a5a105') in 0.014683 seconds 
========================================================================
Received Import Request.
  Time since last request: 0.000110 seconds.
  path: Assets/Characters/Suboficial2/Materials/Liam_Top_Diffuse.mat
  artifactKey: Guid(c299934006456624ba48d265721f9e72) Importer(815301076,1909f56bfc062723c751e8b465ee728b)
Start importing Assets/Characters/Suboficial2/Materials/Liam_Top_Diffuse.mat using Guid(c299934006456624ba48d265721f9e72) Importer(815301076,1909f56bfc062723c751e8b465ee728b)  -> (artifact id: '38d2bbb2faf5e854605b2169f5a16bb9') in 0.015441 seconds 
========================================================================
Received Import Request.
  Time since last request: 0.000166 seconds.
  path: Assets/Characters/Suboficial2/Materials/Liam_Shoes_Diffuse.mat
  artifactKey: Guid(a7abf21199172414cb8feb3f3abfbc1e) Importer(815301076,1909f56bfc062723c751e8b465ee728b)
Start importing Assets/Characters/Suboficial2/Materials/Liam_Shoes_Diffuse.mat using Guid(a7abf21199172414cb8feb3f3abfbc1e) Importer(815301076,1909f56bfc062723c751e8b465ee728b)  -> (artifact id: '7a7e29f5cf22752bd7b93a12cecc10ef') in 0.015423 seconds 
========================================================================
Received Import Request.
  Time since last request: 25.084406 seconds.
  path: Assets/Characters/Suboficial2/Materials/Liam_Body_Diffuse.mat
  artifactKey: Guid(1e04f07c4eda2a04092af3b270b36c4d) Importer(815301076,1909f56bfc062723c751e8b465ee728b)
Start importing Assets/Characters/Suboficial2/Materials/Liam_Body_Diffuse.mat using Guid(1e04f07c4eda2a04092af3b270b36c4d) Importer(815301076,1909f56bfc062723c751e8b465ee728b)  -> (artifact id: 'e8eb257e47881dfd0ea1027473866f14') in 0.012356 seconds 
========================================================================
Received Import Request.
  Time since last request: 21.686970 seconds.
  path: Assets/Characters/Suboficial2/Materials/Liam_Bottom_Diffuse.mat
  artifactKey: Guid(092a9bba11dba6e4bbf51b3e12c729f9) Importer(815301076,1909f56bfc062723c751e8b465ee728b)
Start importing Assets/Characters/Suboficial2/Materials/Liam_Bottom_Diffuse.mat using Guid(092a9bba11dba6e4bbf51b3e12c729f9) Importer(815301076,1909f56bfc062723c751e8b465ee728b)  -> (artifact id: '356fae4d10fb43b82f948c23fe330a17') in 0.015338 seconds 
========================================================================
Received Import Request.
  Time since last request: 0.000144 seconds.
  path: Assets/Characters/Suboficial2/Materials/Liam_Top_Diffuse.mat
  artifactKey: Guid(c299934006456624ba48d265721f9e72) Importer(815301076,1909f56bfc062723c751e8b465ee728b)
Start importing Assets/Characters/Suboficial2/Materials/Liam_Top_Diffuse.mat using Guid(c299934006456624ba48d265721f9e72) Importer(815301076,1909f56bfc062723c751e8b465ee728b)  -> (artifact id: 'c5a91889cd10ac0d13a9b9682016f4a3') in 0.014239 seconds 
========================================================================
Received Import Request.
  Time since last request: 0.000251 seconds.
  path: Assets/Characters/Suboficial2/Materials/Liam_Shoes_Diffuse.mat
  artifactKey: Guid(a7abf21199172414cb8feb3f3abfbc1e) Importer(815301076,1909f56bfc062723c751e8b465ee728b)
Start importing Assets/Characters/Suboficial2/Materials/Liam_Shoes_Diffuse.mat using Guid(a7abf21199172414cb8feb3f3abfbc1e) Importer(815301076,1909f56bfc062723c751e8b465ee728b)  -> (artifact id: 'c706763ce95ca06af30952318d6a21d0') in 0.013874 seconds 
========================================================================
Received Import Request.
  Time since last request: 293.305285 seconds.
  path: Assets/Scripts/Inicio.cs
  artifactKey: Guid(51468067f7dd2e142b7ce419c27fda07) Importer(815301076,1909f56bfc062723c751e8b465ee728b)
Start importing Assets/Scripts/Inicio.cs using Guid(51468067f7dd2e142b7ce419c27fda07) Importer(815301076,1909f56bfc062723c751e8b465ee728b)  -> (artifact id: 'bed747e5ed046a9670f3dc65ce58bcec') in 0.008677 seconds 
========================================================================
Received Import Request.
  Time since last request: 15.335790 seconds.
  path: Assets/Scripts/TutorialVR
  artifactKey: Guid(6ffa2acb7feca7c44847a55977ce7507) Importer(815301076,1909f56bfc062723c751e8b465ee728b)
Start importing Assets/Scripts/TutorialVR using Guid(6ffa2acb7feca7c44847a55977ce7507) Importer(815301076,1909f56bfc062723c751e8b465ee728b)  -> (artifact id: '3a492b9565e17cdabcf2b45e0ac949b5') in 0.005225 seconds 
========================================================================
Received Import Request.
  Time since last request: 2.769104 seconds.
  path: Assets/Scripts/TutorialVR/TutorialVRCtrl.cs
  artifactKey: Guid(56d7f872cbef684418be4cf006f27533) Importer(815301076,1909f56bfc062723c751e8b465ee728b)
Start importing Assets/Scripts/TutorialVR/TutorialVRCtrl.cs using Guid(56d7f872cbef684418be4cf006f27533) Importer(815301076,1909f56bfc062723c751e8b465ee728b)  -> (artifact id: '1e96e27e9d95d519d7e720370c9e1d52') in 0.004904 seconds 
========================================================================
Received Prepare
Registering precompiled user dll's ...
Registered in 0.008156 seconds.
Begin MonoManager ReloadAssembly
Native extension for WindowsStandalone target not found
Refreshing native plugins compatible for Editor in 1.73 ms, found 7 plugins.
Preloading 1 native plugins for Editor in 0.14 ms.
Mono: successfully reloaded assembly
- Completed reload, in  1.418 seconds
Domain Reload Profiling:
	ReloadAssembly (1418ms)
		BeginReloadAssembly (124ms)
			ExecutionOrderSort (0ms)
			DisableScriptedObjects (5ms)
			BackupInstance (0ms)
			ReleaseScriptingObjects (0ms)
			CreateAndSetChildDomain (40ms)
		EndReloadAssembly (1232ms)
			LoadAssemblies (92ms)
			RebuildTransferFunctionScriptingTraits (0ms)
			SetupTypeCache (301ms)
			ReleaseScriptCaches (1ms)
			RebuildScriptCaches (38ms)
			SetupLoadedEditorAssemblies (271ms)
				LogAssemblyErrors (0ms)
				InitializePlatformSupportModulesInManaged (6ms)
				SetLoadedEditorAssemblies (1ms)
				RefreshPlugins (2ms)
				BeforeProcessingInitializeOnLoad (49ms)
				ProcessInitializeOnLoadAttributes (201ms)
				ProcessInitializeOnLoadMethodAttributes (6ms)
				AfterProcessingInitializeOnLoad (6ms)
				EditorAssembliesLoaded (0ms)
			ExecutionOrderSort2 (0ms)
			AwakeInstancesAfterBackupRestoration (12ms)
Platform modules already initialized, skipping
Switching build target platform(19) subTarget(0) extendedPlatform(0) -> platform(13) subTarget(524288) extendedPlatform(0)
Shader 'Oculus/OVRMRCameraFrameLit': fallback shader 'Alpha-Diffuse' not found
Refreshing native plugins compatible for Editor in 0.91 ms, found 7 plugins.
Preloading 1 native plugins for Editor in 0.08 ms.
Unloading 2157 Unused Serialized files (Serialized files now loaded: 0)
System memory in use before: 158.3 MB.
System memory in use after: 158.5 MB.

Unloading 39 unused Assets to reduce memory usage. Loaded Objects now: 3029.
Total: 2.116200 ms (FindLiveObjects: 0.230900 ms CreateObjectMapping: 0.115400 ms MarkObjects: 1.748700 ms  DeleteObjects: 0.020700 ms)

AssetImportParameters requested are different than current active one (requested -> active):
  custom:framework-win-MediaFoundation: 216162199b28c13a410421893ffa2e32 -> 
  custom:video-decoder-ogg-theora: a1e56fd34408186e4bbccfd4996cb3dc -> 
  custom:container-muxer-webm: aa71ff27fc2769a1b78a27578f13a17b -> 
  custom:container-demuxer-webm: 4f35f7cbe854078d1ac9338744f61a02 -> 
  custom:container-demuxer-ogg: 62fdf1f143b41e24485cea50d1cbac27 -> 
  custom:video-encoder-webm-vp8: eb34c28f22e8b96e1ab97ce403110664 -> 
  custom:video-decoder-webm-vp8: 9c59270c3fd7afecdb556c50c9e8de78 -> 
  custom:graphics/normal-map-encoding: 01000000000000000000000000000000 -> 02000000000000000000000000000000
  custom:audio-decoder-ogg-vorbis: bf7c407c2cedff20999df2af8eb42d56 -> 
  custom:audio-encoder-webm-vorbis: bf7c407c2cedff20999df2af8eb42d56 -> 
========================================================================
Received Prepare
Shader 'Oculus/OVRMRCameraFrameLit': fallback shader 'Alpha-Diffuse' not found
Refreshing native plugins compatible for Editor in 9.33 ms, found 7 plugins.
Preloading 1 native plugins for Editor in 0.07 ms.
Unloading 35 Unused Serialized files (Serialized files now loaded: 0)
System memory in use before: 113.0 MB.
System memory in use after: 113.2 MB.

Unloading 35 unused Assets to reduce memory usage. Loaded Objects now: 3029.
Total: 1.909900 ms (FindLiveObjects: 0.177300 ms CreateObjectMapping: 0.094300 ms MarkObjects: 1.622300 ms  DeleteObjects: 0.015300 ms)

AssetImportParameters requested are different than current active one (requested -> active):
  custom:framework-win-MediaFoundation: 216162199b28c13a410421893ffa2e32 -> 
  custom:video-decoder-ogg-theora: a1e56fd34408186e4bbccfd4996cb3dc -> 
  custom:container-muxer-webm: aa71ff27fc2769a1b78a27578f13a17b -> 
  custom:container-demuxer-webm: 4f35f7cbe854078d1ac9338744f61a02 -> 
  custom:container-demuxer-ogg: 62fdf1f143b41e24485cea50d1cbac27 -> 
  custom:video-encoder-webm-vp8: eb34c28f22e8b96e1ab97ce403110664 -> 
  custom:video-decoder-webm-vp8: 9c59270c3fd7afecdb556c50c9e8de78 -> 
  custom:audio-decoder-ogg-vorbis: bf7c407c2cedff20999df2af8eb42d56 -> 
  custom:audio-encoder-webm-vorbis: bf7c407c2cedff20999df2af8eb42d56 -> 
========================================================================
Received Prepare
Shader 'Oculus/OVRMRCameraFrameLit': fallback shader 'Alpha-Diffuse' not found
Refreshing native plugins compatible for Editor in 9.34 ms, found 7 plugins.
Preloading 1 native plugins for Editor in 0.07 ms.
Unloading 35 Unused Serialized files (Serialized files now loaded: 0)
System memory in use before: 113.0 MB.
System memory in use after: 113.2 MB.

Unloading 35 unused Assets to reduce memory usage. Loaded Objects now: 3029.
Total: 2.224300 ms (FindLiveObjects: 0.183000 ms CreateObjectMapping: 0.099400 ms MarkObjects: 1.927200 ms  DeleteObjects: 0.014300 ms)

AssetImportParameters requested are different than current active one (requested -> active):
  custom:framework-win-MediaFoundation: 216162199b28c13a410421893ffa2e32 -> 
  custom:video-decoder-ogg-theora: a1e56fd34408186e4bbccfd4996cb3dc -> 
  custom:container-muxer-webm: aa71ff27fc2769a1b78a27578f13a17b -> 
  custom:container-demuxer-webm: 4f35f7cbe854078d1ac9338744f61a02 -> 
  custom:container-demuxer-ogg: 62fdf1f143b41e24485cea50d1cbac27 -> 
  custom:video-encoder-webm-vp8: eb34c28f22e8b96e1ab97ce403110664 -> 
  custom:video-decoder-webm-vp8: 9c59270c3fd7afecdb556c50c9e8de78 -> 
  custom:audio-decoder-ogg-vorbis: bf7c407c2cedff20999df2af8eb42d56 -> 
  custom:audio-encoder-webm-vorbis: bf7c407c2cedff20999df2af8eb42d56 -> 
========================================================================
Received Prepare
Shader 'Oculus/OVRMRCameraFrameLit': fallback shader 'Alpha-Diffuse' not found
Refreshing native plugins compatible for Editor in 12.32 ms, found 7 plugins.
Preloading 1 native plugins for Editor in 0.10 ms.
Unloading 35 Unused Serialized files (Serialized files now loaded: 0)
System memory in use before: 113.1 MB.
System memory in use after: 113.3 MB.

Unloading 35 unused Assets to reduce memory usage. Loaded Objects now: 3029.
Total: 3.130100 ms (FindLiveObjects: 0.330600 ms CreateObjectMapping: 0.170600 ms MarkObjects: 2.607500 ms  DeleteObjects: 0.020700 ms)

AssetImportParameters requested are different than current active one (requested -> active):
  custom:framework-win-MediaFoundation: 216162199b28c13a410421893ffa2e32 -> 
  custom:video-decoder-ogg-theora: a1e56fd34408186e4bbccfd4996cb3dc -> 
  custom:container-muxer-webm: aa71ff27fc2769a1b78a27578f13a17b -> 
  custom:container-demuxer-webm: 4f35f7cbe854078d1ac9338744f61a02 -> 
  custom:container-demuxer-ogg: 62fdf1f143b41e24485cea50d1cbac27 -> 
  custom:video-encoder-webm-vp8: eb34c28f22e8b96e1ab97ce403110664 -> 
  custom:video-decoder-webm-vp8: 9c59270c3fd7afecdb556c50c9e8de78 -> 
  custom:audio-decoder-ogg-vorbis: bf7c407c2cedff20999df2af8eb42d56 -> 
  custom:audio-encoder-webm-vorbis: bf7c407c2cedff20999df2af8eb42d56 -> 
========================================================================
Received Import Request.
  Time since last request: 1026.561997 seconds.
  path: Assets/#NVJOB Water Shaders V2/Example Scenes/PostProcessing/Resources/Shaders/EyeHistogram.compute
  artifactKey: Guid(7a579569b6304a089413874406f62ce5) Importer(815301076,1909f56bfc062723c751e8b465ee728b)
Start importing Assets/#NVJOB Water Shaders V2/Example Scenes/PostProcessing/Resources/Shaders/EyeHistogram.compute using Guid(7a579569b6304a089413874406f62ce5) Importer(815301076,1909f56bfc062723c751e8b465ee728b)  -> (artifact id: '704bbff91f16972c7f9905f423800e8e') in 0.021597 seconds 
========================================================================
Received Import Request.
  Time since last request: 9.130158 seconds.
  path: Assets/Scenes/VR_HT/InicioHT.unity
  artifactKey: Guid(2984cba4d70a2d249b8e39fb0316a360) Importer(815301076,1909f56bfc062723c751e8b465ee728b)
Start importing Assets/Scenes/VR_HT/InicioHT.unity using Guid(2984cba4d70a2d249b8e39fb0316a360) Importer(815301076,1909f56bfc062723c751e8b465ee728b)  -> (artifact id: 'a2abbe22d85d4c9460591593663518ee') in 0.006553 seconds 
========================================================================
Received Import Request.
  Time since last request: 6.643283 seconds.
  path: Assets/Scenes/VR/Inicio.unity
  artifactKey: Guid(0ba13414a4353c845a6f0747423d828d) Importer(815301076,1909f56bfc062723c751e8b465ee728b)
Start importing Assets/Scenes/VR/Inicio.unity using Guid(0ba13414a4353c845a6f0747423d828d) Importer(815301076,1909f56bfc062723c751e8b465ee728b)  -> (artifact id: 'e3e27888c18df7b2a0727479b49ba0cb') in 0.007063 seconds 
========================================================================
Received Prepare
Shader 'Oculus/OVRMRCameraFrameLit': fallback shader 'Alpha-Diffuse' not found
Refreshing native plugins compatible for Editor in 16.43 ms, found 7 plugins.
Preloading 1 native plugins for Editor in 0.10 ms.
Unloading 35 Unused Serialized files (Serialized files now loaded: 0)
System memory in use before: 113.2 MB.
System memory in use after: 113.4 MB.

Unloading 35 unused Assets to reduce memory usage. Loaded Objects now: 3029.
Total: 2.810500 ms (FindLiveObjects: 0.259500 ms CreateObjectMapping: 0.174600 ms MarkObjects: 2.356700 ms  DeleteObjects: 0.019000 ms)

AssetImportParameters requested are different than current active one (requested -> active):
  custom:framework-win-MediaFoundation: 216162199b28c13a410421893ffa2e32 -> 
  custom:video-decoder-ogg-theora: a1e56fd34408186e4bbccfd4996cb3dc -> 
  custom:container-muxer-webm: aa71ff27fc2769a1b78a27578f13a17b -> 
  custom:container-demuxer-webm: 4f35f7cbe854078d1ac9338744f61a02 -> 
  custom:container-demuxer-ogg: 62fdf1f143b41e24485cea50d1cbac27 -> 
  custom:video-encoder-webm-vp8: eb34c28f22e8b96e1ab97ce403110664 -> 
  custom:video-decoder-webm-vp8: 9c59270c3fd7afecdb556c50c9e8de78 -> 
  custom:audio-decoder-ogg-vorbis: bf7c407c2cedff20999df2af8eb42d56 -> 
  custom:audio-encoder-webm-vorbis: bf7c407c2cedff20999df2af8eb42d56 -> 
========================================================================
Received Import Request.
  Time since last request: 125.162989 seconds.
  path: Assets/Resources/Images/Tutoriales/logo.png
  artifactKey: Guid(211a07a0da689ac4aaff9eb7d9a3d474) Importer(815301076,1909f56bfc062723c751e8b465ee728b)
Start importing Assets/Resources/Images/Tutoriales/logo.png using Guid(211a07a0da689ac4aaff9eb7d9a3d474) Importer(815301076,1909f56bfc062723c751e8b465ee728b)  -> (artifact id: 'f3a154041bcaa76ef84aad7d973701f3') in 0.072954 seconds 
========================================================================
Received Prepare
Shader 'Oculus/OVRMRCameraFrameLit': fallback shader 'Alpha-Diffuse' not found
Refreshing native plugins compatible for Editor in 10.82 ms, found 7 plugins.
Preloading 1 native plugins for Editor in 0.11 ms.
Unloading 35 Unused Serialized files (Serialized files now loaded: 0)
System memory in use before: 113.2 MB.
System memory in use after: 113.5 MB.

Unloading 35 unused Assets to reduce memory usage. Loaded Objects now: 3033.
Total: 4.036300 ms (FindLiveObjects: 0.272800 ms CreateObjectMapping: 0.150400 ms MarkObjects: 3.592100 ms  DeleteObjects: 0.020300 ms)

AssetImportParameters requested are different than current active one (requested -> active):
  custom:framework-win-MediaFoundation: 216162199b28c13a410421893ffa2e32 -> 
  custom:video-decoder-ogg-theora: a1e56fd34408186e4bbccfd4996cb3dc -> 
  custom:container-muxer-webm: aa71ff27fc2769a1b78a27578f13a17b -> 
  custom:container-demuxer-webm: 4f35f7cbe854078d1ac9338744f61a02 -> 
  custom:container-demuxer-ogg: 62fdf1f143b41e24485cea50d1cbac27 -> 
  custom:video-encoder-webm-vp8: eb34c28f22e8b96e1ab97ce403110664 -> 
  custom:video-decoder-webm-vp8: 9c59270c3fd7afecdb556c50c9e8de78 -> 
  custom:audio-decoder-ogg-vorbis: bf7c407c2cedff20999df2af8eb42d56 -> 
  custom:audio-encoder-webm-vorbis: bf7c407c2cedff20999df2af8eb42d56 -> 
========================================================================
Received Prepare
Registering precompiled user dll's ...
Registered in 0.009165 seconds.
Begin MonoManager ReloadAssembly
Native extension for WindowsStandalone target not found
Refreshing native plugins compatible for Editor in 0.79 ms, found 7 plugins.
Preloading 1 native plugins for Editor in 0.08 ms.
Mono: successfully reloaded assembly
- Completed reload, in  0.865 seconds
Domain Reload Profiling:
	ReloadAssembly (865ms)
		BeginReloadAssembly (103ms)
			ExecutionOrderSort (0ms)
			DisableScriptedObjects (5ms)
			BackupInstance (0ms)
			ReleaseScriptingObjects (0ms)
			CreateAndSetChildDomain (28ms)
		EndReloadAssembly (707ms)
			LoadAssemblies (74ms)
			RebuildTransferFunctionScriptingTraits (0ms)
			SetupTypeCache (243ms)
			ReleaseScriptCaches (1ms)
			RebuildScriptCaches (30ms)
			SetupLoadedEditorAssemblies (246ms)
				LogAssemblyErrors (0ms)
				InitializePlatformSupportModulesInManaged (4ms)
				SetLoadedEditorAssemblies (0ms)
				RefreshPlugins (1ms)
				BeforeProcessingInitializeOnLoad (40ms)
				ProcessInitializeOnLoadAttributes (189ms)
				ProcessInitializeOnLoadMethodAttributes (6ms)
				AfterProcessingInitializeOnLoad (6ms)
				EditorAssembliesLoaded (0ms)
			ExecutionOrderSort2 (0ms)
			AwakeInstancesAfterBackupRestoration (13ms)
Platform modules already initialized, skipping
Switching build target platform(19) subTarget(0) extendedPlatform(0) -> platform(13) subTarget(524288) extendedPlatform(0)
Shader 'Oculus/OVRMRCameraFrameLit': fallback shader 'Alpha-Diffuse' not found
Refreshing native plugins compatible for Editor in 0.78 ms, found 7 plugins.
Preloading 1 native plugins for Editor in 0.08 ms.
Unloading 2061 Unused Serialized files (Serialized files now loaded: 0)
System memory in use before: 157.0 MB.
System memory in use after: 157.2 MB.

Unloading 87 unused Assets to reduce memory usage. Loaded Objects now: 3002.
Total: 2.297800 ms (FindLiveObjects: 0.181200 ms CreateObjectMapping: 0.087900 ms MarkObjects: 1.995700 ms  DeleteObjects: 0.032200 ms)

AssetImportParameters requested are different than current active one (requested -> active):
  custom:framework-win-MediaFoundation: 216162199b28c13a410421893ffa2e32 -> 
  custom:video-decoder-ogg-theora: a1e56fd34408186e4bbccfd4996cb3dc -> 
  custom:container-muxer-webm: aa71ff27fc2769a1b78a27578f13a17b -> 
  custom:container-demuxer-webm: 4f35f7cbe854078d1ac9338744f61a02 -> 
  custom:container-demuxer-ogg: 62fdf1f143b41e24485cea50d1cbac27 -> 
  custom:video-encoder-webm-vp8: eb34c28f22e8b96e1ab97ce403110664 -> 
  custom:video-decoder-webm-vp8: 9c59270c3fd7afecdb556c50c9e8de78 -> 
  custom:graphics/normal-map-encoding: 01000000000000000000000000000000 -> 02000000000000000000000000000000
  custom:audio-decoder-ogg-vorbis: bf7c407c2cedff20999df2af8eb42d56 -> 
  custom:audio-encoder-webm-vorbis: bf7c407c2cedff20999df2af8eb42d56 -> 
========================================================================
Received Prepare
Shader 'Oculus/OVRMRCameraFrameLit': fallback shader 'Alpha-Diffuse' not found
Refreshing native plugins compatible for Editor in 13.94 ms, found 7 plugins.
Preloading 1 native plugins for Editor in 0.09 ms.
Unloading 35 Unused Serialized files (Serialized files now loaded: 0)
System memory in use before: 113.7 MB.
System memory in use after: 113.9 MB.

Unloading 35 unused Assets to reduce memory usage. Loaded Objects now: 3002.
Total: 2.648700 ms (FindLiveObjects: 0.264300 ms CreateObjectMapping: 0.135800 ms MarkObjects: 2.226800 ms  DeleteObjects: 0.020900 ms)

AssetImportParameters requested are different than current active one (requested -> active):
  custom:framework-win-MediaFoundation: 216162199b28c13a410421893ffa2e32 -> 
  custom:video-decoder-ogg-theora: a1e56fd34408186e4bbccfd4996cb3dc -> 
  custom:container-muxer-webm: aa71ff27fc2769a1b78a27578f13a17b -> 
  custom:container-demuxer-webm: 4f35f7cbe854078d1ac9338744f61a02 -> 
  custom:container-demuxer-ogg: 62fdf1f143b41e24485cea50d1cbac27 -> 
  custom:video-encoder-webm-vp8: eb34c28f22e8b96e1ab97ce403110664 -> 
  custom:video-decoder-webm-vp8: 9c59270c3fd7afecdb556c50c9e8de78 -> 
  custom:audio-decoder-ogg-vorbis: bf7c407c2cedff20999df2af8eb42d56 -> 
  custom:audio-encoder-webm-vorbis: bf7c407c2cedff20999df2af8eb42d56 -> 
AssetImportWorkerClient::OnTransportError - code=2 error=End of file
